# JRE version: OpenJDK Runtime Environment Temurin-21.0.10+7 (21.0.10+7) (build 21.0.10+7-LTS)
# Java VM: OpenJDK 64-Bit Server VM Temurin-21.0.10+7 (21.0.10+7-LTS, mixed mode, sharing, tiered, compressed oops, compressed class ptrs, g1 gc, windows-amd64)
GC Precious Log:
 CardTable entry size: 512
 Card Set container configuration: InlinePtr #cards 4 size 8 Array Of Cards #cards 32 size 80 Howl #buckets 8 coarsen threshold 7372 Howl Bitmap #cards 1024 size 144 coarsen threshold 921 Card regions per heap region 1 cards per card region 8192
 CPUs: 16 total, 16 available
 Memory: 16202M
 Large Page Support: Disabled
 NUMA Support: Disabled
 Compressed Oops: Enabled (Zero based)
 Heap Region Size: 4M
 Heap Min Capacity: 8M
 Heap Initial Capacity: 256M
 Heap Max Capacity: 8G
 Pre-touch: Disabled
 Parallel Workers: 13
 Concurrent Workers: 3
 Concurrent Refinement Workers: 13
 Periodic GC: Disabled
Heap:
 garbage-first heap   total 122880K, used 78111K [0x0000000600000000, 0x0000000800000000)
  region size 4096K, 6 young (24576K), 2 survivors (8192K)
 Metaspace       used 69350K, committed 71296K, reserved 1114112K
  class space    used 10235K, committed 11200K, reserved 1048576K
GC Heap History (20 events):
Event: 3.323 GC heap before
{Heap before GC invocations=5 (full 0):
 garbage-first heap   total 110592K, used 82128K [0x0000000600000000, 0x0000000800000000)
  region size 4096K, 15 young (61440K), 2 survivors (8192K)
 Metaspace       used 34405K, committed 35456K, reserved 1114112K
  class space    used 4807K, committed 5312K, reserved 1048576K
}
Event: 3.326 GC heap after
{Heap after GC invocations=6 (full 0):
 garbage-first heap   total 110592K, used 31717K [0x0000000600000000, 0x0000000800000000)
  region size 4096K, 2 young (8192K), 2 survivors (8192K)
 Metaspace       used 34405K, committed 35456K, reserved 1114112K
  class space    used 4807K, committed 5312K, reserved 1048576K
}
Event: 3.489 GC heap before
{Heap before GC invocations=6 (full 0):
 garbage-first heap   total 110592K, used 52197K [0x0000000600000000, 0x0000000800000000)
  region size 4096K, 8 young (32768K), 2 survivors (8192K)
 Metaspace       used 34899K, committed 35968K, reserved 1114112K
  class space    used 4890K, committed 5440K, reserved 1048576K
}
Event: 3.493 GC heap after
{Heap after GC invocations=7 (full 0):
 garbage-first heap   total 110592K, used 31896K [0x0000000600000000, 0x0000000800000000)
  region size 4096K, 1 young (4096K), 1 survivors (4096K)
 Metaspace       used 34899K, committed 35968K, reserved 1114112K
  class space    used 4890K, committed 5440K, reserved 1048576K
}
Event: 4.573 GC heap before
{Heap before GC invocations=8 (full 0):
 garbage-first heap   total 110592K, used 93336K [0x0000000600000000, 0x0000000800000000)
  region size 4096K, 16 young (65536K), 1 survivors (4096K)
 Metaspace       used 41604K, committed 43136K, reserved 1114112K
  class space    used 6040K, committed 6784K, reserved 1048576K
}
Event: 4.576 GC heap after
{Heap after GC invocations=9 (full 0):
 garbage-first heap   total 110592K, used 35484K [0x0000000600000000, 0x0000000800000000)
  region size 4096K, 2 young (8192K), 2 survivors (8192K)
 Metaspace       used 41604K, committed 43136K, reserved 1114112K
  class space    used 6040K, committed 6784K, reserved 1048576K
}
Event: 5.185 GC heap before
{Heap before GC invocations=9 (full 0):
 garbage-first heap   total 110592K, used 92828K [0x0000000600000000, 0x0000000800000000)
  region size 4096K, 16 young (65536K), 2 survivors (8192K)
 Metaspace       used 45319K, committed 47040K, reserved 1114112K
  class space    used 6688K, committed 7488K, reserved 1048576K
}
Event: 5.189 GC heap after
{Heap after GC invocations=10 (full 0):
 garbage-first heap   total 110592K, used 37869K [0x0000000600000000, 0x0000000800000000)
  region size 4096K, 2 young (8192K), 2 survivors (8192K)
 Metaspace       used 45319K, committed 47040K, reserved 1114112K
  class space    used 6688K, committed 7488K, reserved 1048576K
}
Event: 7.768 GC heap before
{Heap before GC invocations=10 (full 0):
 garbage-first heap   total 110592K, used 95213K [0x0000000600000000, 0x0000000800000000)
  region size 4096K, 16 young (65536K), 2 survivors (8192K)
 Metaspace       used 49324K, committed 51072K, reserved 1114112K
  class space    used 7312K, committed 8192K, reserved 1048576K
}
Event: 7.773 GC heap after
{Heap after GC invocations=11 (full 0):
 garbage-first heap   total 110592K, used 42526K [0x0000000600000000, 0x0000000800000000)
  region size 4096K, 2 young (8192K), 2 survivors (8192K)
 Metaspace       used 49324K, committed 51072K, reserved 1114112K
  class space    used 7312K, committed 8192K, reserved 1048576K
}
Event: 8.300 GC heap before
{Heap before GC invocations=11 (full 0):
 garbage-first heap   total 110592K, used 99870K [0x0000000600000000, 0x0000000800000000)
  region size 4096K, 15 young (61440K), 2 survivors (8192K)
 Metaspace       used 53844K, committed 55744K, reserved 1114112K
  class space    used 8035K, committed 8960K, reserved 1048576K
}
Event: 8.304 GC heap after
{Heap after GC invocations=12 (full 0):
 garbage-first heap   total 118784K, used 53412K [0x0000000600000000, 0x0000000800000000)
  region size 4096K, 2 young (8192K), 2 survivors (8192K)
 Metaspace       used 53844K, committed 55744K, reserved 1114112K
  class space    used 8035K, committed 8960K, reserved 1048576K
}
Event: 8.633 GC heap before
{Heap before GC invocations=12 (full 0):
 garbage-first heap   total 118784K, used 90276K [0x0000000600000000, 0x0000000800000000)
  region size 4096K, 12 young (49152K), 2 survivors (8192K)
 Metaspace       used 58241K, committed 60096K, reserved 1114112K
  class space    used 8614K, committed 9536K, reserved 1048576K
}
Event: 8.637 GC heap after
{Heap after GC invocations=13 (full 0):
 garbage-first heap   total 118784K, used 53965K [0x0000000600000000, 0x0000000800000000)
  region size 4096K, 1 young (4096K), 1 survivors (4096K)
 Metaspace       used 58241K, committed 60096K, reserved 1114112K
  class space    used 8614K, committed 9536K, reserved 1048576K
}
Event: 9.061 GC heap before
{Heap before GC invocations=14 (full 0):
 garbage-first heap   total 118784K, used 103117K [0x0000000600000000, 0x0000000800000000)
  region size 4096K, 13 young (53248K), 1 survivors (4096K)
 Metaspace       used 62317K, committed 64320K, reserved 1114112K
  class space    used 9189K, committed 10176K, reserved 1048576K
}
Event: 9.063 GC heap after
{Heap after GC invocations=15 (full 0):
 garbage-first heap   total 118784K, used 56030K [0x0000000600000000, 0x0000000800000000)
  region size 4096K, 1 young (4096K), 1 survivors (4096K)
 Metaspace       used 62317K, committed 64320K, reserved 1114112K
  class space    used 9189K, committed 10176K, reserved 1048576K
}
Event: 9.522 GC heap before
{Heap before GC invocations=15 (full 0):
 garbage-first heap   total 118784K, used 105182K [0x0000000600000000, 0x0000000800000000)
  region size 4096K, 13 young (53248K), 1 survivors (4096K)
 Metaspace       used 65523K, committed 67520K, reserved 1114112K
  class space    used 9653K, committed 10624K, reserved 1048576K
}
Event: 9.527 GC heap after
{Heap after GC invocations=16 (full 0):
 garbage-first heap   total 122880K, used 61755K [0x0000000600000000, 0x0000000800000000)
  region size 4096K, 2 young (8192K), 2 survivors (8192K)
 Metaspace       used 65523K, committed 67520K, reserved 1114112K
  class space    used 9653K, committed 10624K, reserved 1048576K
}
Event: 10.025 GC heap before
{Heap before GC invocations=16 (full 0):
 garbage-first heap   total 122880K, used 106811K [0x0000000600000000, 0x0000000800000000)
  region size 4096K, 13 young (53248K), 2 survivors (8192K)
 Metaspace       used 68306K, committed 70272K, reserved 1114112K
  class space    used 10043K, committed 11008K, reserved 1048576K
}
Event: 10.029 GC heap after
{Heap after GC invocations=17 (full 0):
 garbage-first heap   total 122880K, used 65823K [0x0000000600000000, 0x0000000800000000)
  region size 4096K, 2 young (8192K), 2 survivors (8192K)
 Metaspace       used 68306K, committed 70272K, reserved 1114112K
  class space    used 10043K, committed 11008K, reserved 1048576K
}

