# JRE version: OpenJDK Runtime Environment Temurin-21.0.10+7 (21.0.10+7) (build 21.0.10+7-LTS)
# Java VM: OpenJDK 64-Bit Server VM Temurin-21.0.10+7 (21.0.10+7-LTS, mixed mode, sharing, tiered, compressed oops, compressed class ptrs, g1 gc, windows-amd64)
GC Precious Log:
 CardTable entry size: 512
 Card Set container configuration: InlinePtr #cards 4 size 8 Array Of Cards #cards 32 size 80 Howl #buckets 8 coarsen threshold 7372 Howl Bitmap #cards 1024 size 144 coarsen threshold 921 Card regions per heap region 1 cards per card region 8192
 CPUs: 16 total, 16 available
 Memory: 16202M
 Large Page Support: Disabled
 NUMA Support: Disabled
 Compressed Oops: Enabled (Zero based)
 Heap Region Size: 4M
 Heap Min Capacity: 8M
 Heap Initial Capacity: 256M
 Heap Max Capacity: 8G
 Pre-touch: Disabled
 Parallel Workers: 13
 Concurrent Workers: 3
 Concurrent Refinement Workers: 13
 Periodic GC: Disabled
Heap:
 garbage-first heap   total 212992K, used 169931K [0x0000000600000000, 0x0000000800000000)
  region size 4096K, 13 young (53248K), 2 survivors (8192K)
 Metaspace       used 106544K, committed 109056K, reserved 1179648K
  class space    used 15239K, committed 16448K, reserved 1048576K
GC Heap History (20 events):
Event: 11.030 GC heap before
{Heap before GC invocations=28 (full 0):
 garbage-first heap   total 143360K, used 119697K [0x0000000600000000, 0x0000000800000000)
  region size 4096K, 12 young (49152K), 2 survivors (8192K)
 Metaspace       used 75966K, committed 78080K, reserved 1179648K
  class space    used 11028K, committed 12096K, reserved 1048576K
}
Event: 11.034 GC heap after
{Heap after GC invocations=29 (full 0):
 garbage-first heap   total 151552K, used 101010K [0x0000000600000000, 0x0000000800000000)
  region size 4096K, 2 young (8192K), 2 survivors (8192K)
 Metaspace       used 75966K, committed 78080K, reserved 1179648K
  class space    used 11028K, committed 12096K, reserved 1048576K
}
Event: 11.272 GC heap before
{Heap before GC invocations=29 (full 0):
 garbage-first heap   total 151552K, used 125586K [0x0000000600000000, 0x0000000800000000)
  region size 4096K, 9 young (36864K), 2 survivors (8192K)
 Metaspace       used 78104K, committed 80320K, reserved 1179648K
  class space    used 11281K, committed 12352K, reserved 1048576K
}
Event: 11.276 GC heap after
{Heap after GC invocations=30 (full 0):
 garbage-first heap   total 192512K, used 102198K [0x0000000600000000, 0x0000000800000000)
  region size 4096K, 1 young (4096K), 1 survivors (4096K)
 Metaspace       used 78104K, committed 80320K, reserved 1179648K
  class space    used 11281K, committed 12352K, reserved 1048576K
}
Event: 11.737 GC heap before
{Heap before GC invocations=30 (full 0):
 garbage-first heap   total 192512K, used 155446K [0x0000000600000000, 0x0000000800000000)
  region size 4096K, 15 young (61440K), 1 survivors (4096K)
 Metaspace       used 82522K, committed 84736K, reserved 1179648K
  class space    used 11803K, committed 12928K, reserved 1048576K
}
Event: 11.741 GC heap after
{Heap after GC invocations=31 (full 0):
 garbage-first heap   total 192512K, used 107523K [0x0000000600000000, 0x0000000800000000)
  region size 4096K, 2 young (8192K), 2 survivors (8192K)
 Metaspace       used 82522K, committed 84736K, reserved 1179648K
  class space    used 11803K, committed 12928K, reserved 1048576K
}
Event: 12.332 GC heap before
{Heap before GC invocations=32 (full 0):
 garbage-first heap   total 192512K, used 160771K [0x0000000600000000, 0x0000000800000000)
  region size 4096K, 16 young (65536K), 2 survivors (8192K)
 Metaspace       used 86801K, committed 89024K, reserved 1179648K
  class space    used 12356K, committed 13440K, reserved 1048576K
}
Event: 12.336 GC heap after
{Heap after GC invocations=33 (full 0):
 garbage-first heap   total 192512K, used 110930K [0x0000000600000000, 0x0000000800000000)
  region size 4096K, 1 young (4096K), 1 survivors (4096K)
 Metaspace       used 86801K, committed 89024K, reserved 1179648K
  class space    used 12356K, committed 13440K, reserved 1048576K
}
Event: 12.894 GC heap before
{Heap before GC invocations=33 (full 0):
 garbage-first heap   total 192512K, used 168274K [0x0000000600000000, 0x0000000800000000)
  region size 4096K, 15 young (61440K), 1 survivors (4096K)
 Metaspace       used 91419K, committed 93632K, reserved 1179648K
  class space    used 12992K, committed 14080K, reserved 1048576K
}
Event: 12.898 GC heap after
{Heap after GC invocations=34 (full 0):
 garbage-first heap   total 192512K, used 109880K [0x0000000600000000, 0x0000000800000000)
  region size 4096K, 2 young (8192K), 2 survivors (8192K)
 Metaspace       used 91419K, committed 93632K, reserved 1179648K
  class space    used 12992K, committed 14080K, reserved 1048576K
}
Event: 13.356 GC heap before
{Heap before GC invocations=34 (full 0):
 garbage-first heap   total 192512K, used 167224K [0x0000000600000000, 0x0000000800000000)
  region size 4096K, 16 young (65536K), 2 survivors (8192K)
 Metaspace       used 93778K, committed 96128K, reserved 1179648K
  class space    used 13305K, committed 14464K, reserved 1048576K
}
Event: 13.360 GC heap after
{Heap after GC invocations=35 (full 0):
 garbage-first heap   total 192512K, used 115544K [0x0000000600000000, 0x0000000800000000)
  region size 4096K, 2 young (8192K), 2 survivors (8192K)
 Metaspace       used 93778K, committed 96128K, reserved 1179648K
  class space    used 13305K, committed 14464K, reserved 1048576K
}
Event: 13.804 GC heap before
{Heap before GC invocations=36 (full 0):
 garbage-first heap   total 200704K, used 168792K [0x0000000600000000, 0x0000000800000000)
  region size 4096K, 15 young (61440K), 2 survivors (8192K)
 Metaspace       used 97801K, committed 100096K, reserved 1179648K
  class space    used 13986K, committed 15104K, reserved 1048576K
}
Event: 13.808 GC heap after
{Heap after GC invocations=37 (full 0):
 garbage-first heap   total 200704K, used 117459K [0x0000000600000000, 0x0000000800000000)
  region size 4096K, 1 young (4096K), 1 survivors (4096K)
 Metaspace       used 97801K, committed 100096K, reserved 1179648K
  class space    used 13986K, committed 15104K, reserved 1048576K
}
Event: 14.405 GC heap before
{Heap before GC invocations=37 (full 0):
 garbage-first heap   total 200704K, used 178899K [0x0000000600000000, 0x0000000800000000)
  region size 4096K, 16 young (65536K), 1 survivors (4096K)
 Metaspace       used 102050K, committed 104384K, reserved 1179648K
  class space    used 14588K, committed 15744K, reserved 1048576K
}
Event: 14.408 GC heap after
{Heap after GC invocations=38 (full 0):
 garbage-first heap   total 200704K, used 120724K [0x0000000600000000, 0x0000000800000000)
  region size 4096K, 2 young (8192K), 2 survivors (8192K)
 Metaspace       used 102050K, committed 104384K, reserved 1179648K
  class space    used 14588K, committed 15744K, reserved 1048576K
}
Event: 14.805 GC heap before
{Heap before GC invocations=38 (full 0):
 garbage-first heap   total 200704K, used 173972K [0x0000000600000000, 0x0000000800000000)
  region size 4096K, 16 young (65536K), 2 survivors (8192K)
 Metaspace       used 104398K, committed 106752K, reserved 1179648K
  class space    used 14893K, committed 16064K, reserved 1048576K
}
Event: 14.810 GC heap after
{Heap after GC invocations=39 (full 0):
 garbage-first heap   total 200704K, used 124844K [0x0000000600000000, 0x0000000800000000)
  region size 4096K, 2 young (8192K), 2 survivors (8192K)
 Metaspace       used 104398K, committed 106752K, reserved 1179648K
  class space    used 14893K, committed 16064K, reserved 1048576K
}
Event: 15.069 GC heap before
{Heap before GC invocations=40 (full 0):
 garbage-first heap   total 212992K, used 178092K [0x0000000600000000, 0x0000000800000000)
  region size 4096K, 16 young (65536K), 2 survivors (8192K)
 Metaspace       used 105670K, committed 108032K, reserved 1179648K
  class space    used 15049K, committed 16192K, reserved 1048576K
}
Event: 15.074 GC heap after
{Heap after GC invocations=41 (full 0):
 garbage-first heap   total 212992K, used 128971K [0x0000000600000000, 0x0000000800000000)
  region size 4096K, 2 young (8192K), 2 survivors (8192K)
 Metaspace       used 105670K, committed 108032K, reserved 1179648K
  class space    used 15049K, committed 16192K, reserved 1048576K
}

